  [1m[36m (1.4ms)[0m  [1mCREATE TABLE "schema_migrations" ("version" varchar NOT NULL) [0m
  [1m[35m (0.4ms)[0m  select sqlite_version(*)
  [1m[36m (1.1ms)[0m  [1mCREATE UNIQUE INDEX "unique_schema_migrations" ON "schema_migrations" ("version")[0m
  [1m[35mActiveRecord::SchemaMigration Load (0.1ms)[0m  SELECT "schema_migrations".* FROM "schema_migrations"
Migrating to CreatePosts (20150603181749)
  [1m[36m (0.1ms)[0m  [1mbegin transaction[0m
  [1m[35m (0.8ms)[0m  CREATE TABLE "posts" ("id" INTEGER PRIMARY KEY AUTOINCREMENT NOT NULL, "title" varchar NOT NULL, "body" text, "created_at" datetime NOT NULL, "updated_at" datetime NOT NULL) 
  [1m[36mSQL (0.3ms)[0m  [1mINSERT INTO "schema_migrations" ("version") VALUES (?)[0m  [["version", "20150603181749"]]
  [1m[35m (1.2ms)[0m  commit transaction
  [1m[36mActiveRecord::SchemaMigration Load (0.1ms)[0m  [1mSELECT "schema_migrations".* FROM "schema_migrations"[0m


Started GET "/" for ::1 at 2015-06-03 11:27:33 -0700
  [1m[36mActiveRecord::SchemaMigration Load (0.1ms)[0m  [1mSELECT "schema_migrations".* FROM "schema_migrations"[0m
Processing by RootControllerController#root as HTML
  Rendered root_controller/root.html.erb within layouts/application (1.7ms)
Completed 200 OK in 1228ms (Views: 1227.2ms | ActiveRecord: 0.0ms)


Started GET "/assets/posts.self-e3b0c44298fc1c149afbf4c8996fb92427ae41e4649b934ca495991b7852b855.css?body=1" for ::1 at 2015-06-03 11:27:35 -0700


Started GET "/assets/jquery.self-d03a5518f45df77341bdbe6201ba3bfa547ebba8ed64f0ea56bfa5f96ea7c074.js?body=1" for ::1 at 2015-06-03 11:27:35 -0700


Started GET "/assets/underscore.self-4b328e42c558197d5b99d7727cfcc60bac9763fad660651230e8baf93f6067ed.js?body=1" for ::1 at 2015-06-03 11:27:35 -0700


Started GET "/assets/application.self-e80e8f2318043e8af94dddc2adad5a4f09739a8ebb323b3ab31cd71d45fd9113.css?body=1" for ::1 at 2015-06-03 11:27:35 -0700


Started GET "/assets/root_controller.self-e3b0c44298fc1c149afbf4c8996fb92427ae41e4649b934ca495991b7852b855.css?body=1" for ::1 at 2015-06-03 11:27:35 -0700


Started GET "/assets/jquery_ujs.self-8e98a7a072a6cee1372d19fff9ff3e6aa1e39a37d89d6f06861637d061113ee7.js?body=1" for ::1 at 2015-06-03 11:27:35 -0700


Started GET "/assets/backbone.self-4ac1c9ebee6ebcd1614a8f92d41cb270e61e0b8f61c804c0d1b26fda4b889824.js?body=1" for ::1 at 2015-06-03 11:27:35 -0700


Started GET "/assets/journal_app.self-992e0fc7b75142610fee608bf19368b3c91cac3a6c68b3324384ddf5fcb29608.js?body=1" for ::1 at 2015-06-03 11:27:35 -0700


Started GET "/assets/posts.self-877aef30ae1b040ab8a3aba4e3e309a11d7f2612f44dde450b5c157aa5f95c05.js?body=1" for ::1 at 2015-06-03 11:27:35 -0700


Started GET "/assets/root_controller.self-877aef30ae1b040ab8a3aba4e3e309a11d7f2612f44dde450b5c157aa5f95c05.js?body=1" for ::1 at 2015-06-03 11:27:35 -0700


Started GET "/assets/application.self-7c44b34571f9c6f50024ec815db695a00182b9937b48d97c4ac1515ab6b385a0.js?body=1" for ::1 at 2015-06-03 11:27:35 -0700


Started GET "/" for ::1 at 2015-06-03 11:51:08 -0700
Processing by RootControllerController#root as HTML
  Rendered root_controller/root.html.erb within layouts/application (0.1ms)
Completed 200 OK in 192ms (Views: 192.0ms | ActiveRecord: 0.0ms)


Started GET "/assets/posts.self-e3b0c44298fc1c149afbf4c8996fb92427ae41e4649b934ca495991b7852b855.css?body=1" for ::1 at 2015-06-03 11:51:08 -0700


Started GET "/assets/models/post.self-c9d25b0a39a0e13c0b4e49bdd58484ad848de4c26f4ab5858c4970ba950c9f01.js?body=1" for ::1 at 2015-06-03 11:51:08 -0700


Started GET "/assets/jquery.self-d03a5518f45df77341bdbe6201ba3bfa547ebba8ed64f0ea56bfa5f96ea7c074.js?body=1" for ::1 at 2015-06-03 11:51:08 -0700


Started GET "/assets/application.self-e80e8f2318043e8af94dddc2adad5a4f09739a8ebb323b3ab31cd71d45fd9113.css?body=1" for ::1 at 2015-06-03 11:51:08 -0700


Started GET "/assets/root_controller.self-e3b0c44298fc1c149afbf4c8996fb92427ae41e4649b934ca495991b7852b855.css?body=1" for ::1 at 2015-06-03 11:51:08 -0700


Started GET "/assets/collections/posts.self-0e96d93092143b799d6e6ba63dfd05b387446fafbeeae92b56795f5c6d2dab0e.js?body=1" for ::1 at 2015-06-03 11:51:08 -0700


Started GET "/assets/jquery_ujs.self-8e98a7a072a6cee1372d19fff9ff3e6aa1e39a37d89d6f06861637d061113ee7.js?body=1" for ::1 at 2015-06-03 11:51:08 -0700


Started GET "/assets/underscore.self-4b328e42c558197d5b99d7727cfcc60bac9763fad660651230e8baf93f6067ed.js?body=1" for ::1 at 2015-06-03 11:51:08 -0700


Started GET "/assets/backbone.self-4ac1c9ebee6ebcd1614a8f92d41cb270e61e0b8f61c804c0d1b26fda4b889824.js?body=1" for ::1 at 2015-06-03 11:51:08 -0700


Started GET "/assets/journal_app.self-992e0fc7b75142610fee608bf19368b3c91cac3a6c68b3324384ddf5fcb29608.js?body=1" for ::1 at 2015-06-03 11:51:08 -0700


Started GET "/assets/application.self-7c44b34571f9c6f50024ec815db695a00182b9937b48d97c4ac1515ab6b385a0.js?body=1" for ::1 at 2015-06-03 11:51:08 -0700


Started GET "/" for ::1 at 2015-06-03 11:51:14 -0700
Processing by RootControllerController#root as HTML
  Rendered root_controller/root.html.erb within layouts/application (0.1ms)
Completed 200 OK in 38ms (Views: 37.6ms | ActiveRecord: 0.0ms)


Started GET "/assets/posts.self-e3b0c44298fc1c149afbf4c8996fb92427ae41e4649b934ca495991b7852b855.css?body=1" for ::1 at 2015-06-03 11:51:14 -0700


Started GET "/assets/root_controller.self-e3b0c44298fc1c149afbf4c8996fb92427ae41e4649b934ca495991b7852b855.css?body=1" for ::1 at 2015-06-03 11:51:14 -0700


Started GET "/assets/application.self-e80e8f2318043e8af94dddc2adad5a4f09739a8ebb323b3ab31cd71d45fd9113.css?body=1" for ::1 at 2015-06-03 11:51:14 -0700


Started GET "/assets/jquery.self-d03a5518f45df77341bdbe6201ba3bfa547ebba8ed64f0ea56bfa5f96ea7c074.js?body=1" for ::1 at 2015-06-03 11:51:14 -0700


Started GET "/assets/underscore.self-4b328e42c558197d5b99d7727cfcc60bac9763fad660651230e8baf93f6067ed.js?body=1" for ::1 at 2015-06-03 11:51:14 -0700


Started GET "/assets/jquery_ujs.self-8e98a7a072a6cee1372d19fff9ff3e6aa1e39a37d89d6f06861637d061113ee7.js?body=1" for ::1 at 2015-06-03 11:51:14 -0700


Started GET "/assets/backbone.self-4ac1c9ebee6ebcd1614a8f92d41cb270e61e0b8f61c804c0d1b26fda4b889824.js?body=1" for ::1 at 2015-06-03 11:51:14 -0700


Started GET "/assets/journal_app.self-992e0fc7b75142610fee608bf19368b3c91cac3a6c68b3324384ddf5fcb29608.js?body=1" for ::1 at 2015-06-03 11:51:14 -0700


Started GET "/assets/models/post.self-c9d25b0a39a0e13c0b4e49bdd58484ad848de4c26f4ab5858c4970ba950c9f01.js?body=1" for ::1 at 2015-06-03 11:51:14 -0700


Started GET "/assets/application.self-7c44b34571f9c6f50024ec815db695a00182b9937b48d97c4ac1515ab6b385a0.js?body=1" for ::1 at 2015-06-03 11:51:14 -0700


Started GET "/assets/collections/posts.self-0e96d93092143b799d6e6ba63dfd05b387446fafbeeae92b56795f5c6d2dab0e.js?body=1" for ::1 at 2015-06-03 11:51:14 -0700


Started POST "/posts" for ::1 at 2015-06-03 11:56:42 -0700

ActionController::RoutingError (No route matches [POST] "/posts"):
  actionpack (4.2.1) lib/action_dispatch/middleware/debug_exceptions.rb:21:in `call'
  web-console (2.1.2) lib/web_console/middleware.rb:37:in `call'
  actionpack (4.2.1) lib/action_dispatch/middleware/show_exceptions.rb:30:in `call'
  railties (4.2.1) lib/rails/rack/logger.rb:38:in `call_app'
  railties (4.2.1) lib/rails/rack/logger.rb:20:in `block in call'
  activesupport (4.2.1) lib/active_support/tagged_logging.rb:68:in `block in tagged'
  activesupport (4.2.1) lib/active_support/tagged_logging.rb:26:in `tagged'
  activesupport (4.2.1) lib/active_support/tagged_logging.rb:68:in `tagged'
  railties (4.2.1) lib/rails/rack/logger.rb:20:in `call'
  actionpack (4.2.1) lib/action_dispatch/middleware/request_id.rb:21:in `call'
  rack (1.6.1) lib/rack/methodoverride.rb:22:in `call'
  rack (1.6.1) lib/rack/runtime.rb:18:in `call'
  activesupport (4.2.1) lib/active_support/cache/strategy/local_cache_middleware.rb:28:in `call'
  rack (1.6.1) lib/rack/lock.rb:17:in `call'
  actionpack (4.2.1) lib/action_dispatch/middleware/static.rb:113:in `call'
  rack (1.6.1) lib/rack/sendfile.rb:113:in `call'
  railties (4.2.1) lib/rails/engine.rb:518:in `call'
  railties (4.2.1) lib/rails/application.rb:164:in `call'
  rack (1.6.1) lib/rack/lock.rb:17:in `call'
  rack (1.6.1) lib/rack/content_length.rb:15:in `call'
  rack (1.6.1) lib/rack/handler/webrick.rb:89:in `service'
  /Users/appacademy/.rbenv/versions/2.1.2/lib/ruby/2.1.0/webrick/httpserver.rb:138:in `service'
  /Users/appacademy/.rbenv/versions/2.1.2/lib/ruby/2.1.0/webrick/httpserver.rb:94:in `run'
  /Users/appacademy/.rbenv/versions/2.1.2/lib/ruby/2.1.0/webrick/server.rb:295:in `block in start_thread'


  Rendered /Users/appacademy/.rbenv/versions/2.1.2/lib/ruby/gems/2.1.0/gems/actionpack-4.2.1/lib/action_dispatch/middleware/templates/rescues/_trace.text.erb (0.6ms)
  Rendered /Users/appacademy/.rbenv/versions/2.1.2/lib/ruby/gems/2.1.0/gems/actionpack-4.2.1/lib/action_dispatch/middleware/templates/rescues/routing_error.text.erb (11.2ms)
Cannot render console with content type application/jsonAllowed content types: [#<Mime::Type:0x007fc8aaced6a8 @synonyms=["application/xhtml+xml"], @symbol=:html, @string="text/html">, #<Mime::Type:0x007fc8aaced158 @synonyms=[], @symbol=:text, @string="text/plain">, #<Mime::Type:0x007fc8aacdfe90 @synonyms=[], @symbol=:url_encoded_form, @string="application/x-www-form-urlencoded">]
